{"/home/vishal/Workspace/Assignment/backend/db/config.js": {"path":"/home/vishal/Workspace/Assignment/backend/db/config.js","statementMap":{"0":{"start":{"line":1,"column":15},"end":{"line":13,"column":1}},"1":{"start":{"line":15,"column":0},"end":{"line":15,"column":24}}},"fnMap":{},"branchMap":{},"s":{"0":1,"1":1},"f":{},"b":{},"_coverageSchema":"1a1c01bbd47fc00a2c39e90264f33305004495a9","hash":"bc4aacab62396405f8c3231f4cd0af6ce421e98b"}
,"/home/vishal/Workspace/Assignment/backend/db/mongodb.js": {"path":"/home/vishal/Workspace/Assignment/backend/db/mongodb.js","statementMap":{"0":{"start":{"line":1,"column":17},"end":{"line":1,"column":36}},"1":{"start":{"line":3,"column":10},"end":{"line":3,"column":47}},"2":{"start":{"line":4,"column":13},"end":{"line":4,"column":37}},"3":{"start":{"line":8,"column":14},"end":{"line":8,"column":24}},"4":{"start":{"line":11,"column":0},"end":{"line":11,"column":75}},"5":{"start":{"line":15,"column":0},"end":{"line":17,"column":3}},"6":{"start":{"line":16,"column":2},"end":{"line":16,"column":62}},"7":{"start":{"line":20,"column":0},"end":{"line":22,"column":3}},"8":{"start":{"line":21,"column":2},"end":{"line":21,"column":59}},"9":{"start":{"line":25,"column":0},"end":{"line":27,"column":3}},"10":{"start":{"line":26,"column":2},"end":{"line":26,"column":58}}},"fnMap":{"0":{"name":"(anonymous_0)","decl":{"start":{"line":15,"column":36},"end":{"line":15,"column":37}},"loc":{"start":{"line":15,"column":48},"end":{"line":17,"column":1}},"line":15},"1":{"name":"(anonymous_1)","decl":{"start":{"line":20,"column":31},"end":{"line":20,"column":32}},"loc":{"start":{"line":20,"column":46},"end":{"line":22,"column":1}},"line":20},"2":{"name":"(anonymous_2)","decl":{"start":{"line":25,"column":39},"end":{"line":25,"column":40}},"loc":{"start":{"line":25,"column":51},"end":{"line":27,"column":1}},"line":25}},"branchMap":{"0":{"loc":{"start":{"line":3,"column":10},"end":{"line":3,"column":47}},"type":"binary-expr","locations":[{"start":{"line":3,"column":10},"end":{"line":3,"column":30}},{"start":{"line":3,"column":34},"end":{"line":3,"column":47}}],"line":3}},"s":{"0":1,"1":1,"2":1,"3":1,"4":1,"5":1,"6":1,"7":1,"8":0,"9":1,"10":0},"f":{"0":1,"1":0,"2":0},"b":{"0":[1,0]},"_coverageSchema":"1a1c01bbd47fc00a2c39e90264f33305004495a9","hash":"61a141e89d7bcc1598f31a0809d4051c4eae38f2"}
,"/home/vishal/Workspace/Assignment/backend/db/testEnv.js": {"path":"/home/vishal/Workspace/Assignment/backend/db/testEnv.js","statementMap":{"0":{"start":{"line":1,"column":16},"end":{"line":1,"column":34}},"1":{"start":{"line":2,"column":20},"end":{"line":2,"column":46}},"2":{"start":{"line":3,"column":12},"end":{"line":3,"column":21}},"3":{"start":{"line":5,"column":0},"end":{"line":5,"column":30}},"4":{"start":{"line":6,"column":0},"end":{"line":6,"column":21}},"5":{"start":{"line":10,"column":0},"end":{"line":10,"column":24}},"6":{"start":{"line":11,"column":0},"end":{"line":11,"column":21}},"7":{"start":{"line":13,"column":0},"end":{"line":13,"column":21}}},"fnMap":{},"branchMap":{},"s":{"0":1,"1":1,"2":1,"3":1,"4":1,"5":1,"6":1,"7":1},"f":{},"b":{},"_coverageSchema":"1a1c01bbd47fc00a2c39e90264f33305004495a9","hash":"957f5890ab8ead239ba49b410ec2a89f91a60fdb"}
,"/home/vishal/Workspace/Assignment/backend/helpers/token.js": {"path":"/home/vishal/Workspace/Assignment/backend/helpers/token.js","statementMap":{"0":{"start":{"line":1,"column":12},"end":{"line":1,"column":35}},"1":{"start":{"line":3,"column":22},"end":{"line":15,"column":1}},"2":{"start":{"line":4,"column":20},"end":{"line":4,"column":22}},"3":{"start":{"line":5,"column":2},"end":{"line":13,"column":3}},"4":{"start":{"line":6,"column":4},"end":{"line":8,"column":6}},"5":{"start":{"line":10,"column":4},"end":{"line":12,"column":6}},"6":{"start":{"line":14,"column":2},"end":{"line":14,"column":61}},"7":{"start":{"line":17,"column":24},"end":{"line":25,"column":1}},"8":{"start":{"line":18,"column":17},"end":{"line":18,"column":41}},"9":{"start":{"line":19,"column":22},"end":{"line":19,"column":52}},"10":{"start":{"line":21,"column":2},"end":{"line":24,"column":5}},"11":{"start":{"line":22,"column":4},"end":{"line":22,"column":40}},"12":{"start":{"line":22,"column":13},"end":{"line":22,"column":40}},"13":{"start":{"line":23,"column":4},"end":{"line":23,"column":11}},"14":{"start":{"line":27,"column":0},"end":{"line":30,"column":2}}},"fnMap":{"0":{"name":"(anonymous_0)","decl":{"start":{"line":3,"column":22},"end":{"line":3,"column":23}},"loc":{"start":{"line":3,"column":38},"end":{"line":15,"column":1}},"line":3},"1":{"name":"(anonymous_1)","decl":{"start":{"line":17,"column":24},"end":{"line":17,"column":25}},"loc":{"start":{"line":17,"column":50},"end":{"line":25,"column":1}},"line":17},"2":{"name":"(anonymous_2)","decl":{"start":{"line":21,"column":56},"end":{"line":21,"column":57}},"loc":{"start":{"line":21,"column":65},"end":{"line":24,"column":3}},"line":21}},"branchMap":{"0":{"loc":{"start":{"line":5,"column":2},"end":{"line":13,"column":3}},"type":"if","locations":[{"start":{"line":5,"column":2},"end":{"line":13,"column":3}},{"start":{"line":5,"column":2},"end":{"line":13,"column":3}}],"line":5},"1":{"loc":{"start":{"line":19,"column":22},"end":{"line":19,"column":52}},"type":"binary-expr","locations":[{"start":{"line":19,"column":22},"end":{"line":19,"column":28}},{"start":{"line":19,"column":32},"end":{"line":19,"column":52}}],"line":19},"2":{"loc":{"start":{"line":22,"column":4},"end":{"line":22,"column":40}},"type":"if","locations":[{"start":{"line":22,"column":4},"end":{"line":22,"column":40}},{"start":{"line":22,"column":4},"end":{"line":22,"column":40}}],"line":22}},"s":{"0":1,"1":1,"2":7,"3":7,"4":4,"5":3,"6":7,"7":1,"8":12,"9":12,"10":12,"11":12,"12":0,"13":12,"14":1},"f":{"0":7,"1":12,"2":12},"b":{"0":[4,3],"1":[12,12],"2":[0,12]},"_coverageSchema":"1a1c01bbd47fc00a2c39e90264f33305004495a9","hash":"8f8f9a571ce5570a950d76dce713a3337875434d"}
,"/home/vishal/Workspace/Assignment/backend/helpers/winston.js": {"path":"/home/vishal/Workspace/Assignment/backend/helpers/winston.js","statementMap":{"0":{"start":{"line":1,"column":16},"end":{"line":1,"column":34}},"1":{"start":{"line":4,"column":0},"end":{"line":20,"column":1}},"2":{"start":{"line":5,"column":2},"end":{"line":19,"column":5}},"3":{"start":{"line":22,"column":0},"end":{"line":22,"column":24}}},"fnMap":{},"branchMap":{"0":{"loc":{"start":{"line":4,"column":0},"end":{"line":20,"column":1}},"type":"if","locations":[{"start":{"line":4,"column":0},"end":{"line":20,"column":1}},{"start":{"line":4,"column":0},"end":{"line":20,"column":1}}],"line":4}},"s":{"0":1,"1":1,"2":1,"3":1},"f":{},"b":{"0":[1,0]},"_coverageSchema":"1a1c01bbd47fc00a2c39e90264f33305004495a9","hash":"c36a73e947a88538c90321f14c3f788ab4b523b2"}
,"/home/vishal/Workspace/Assignment/backend/models/user.js": {"path":"/home/vishal/Workspace/Assignment/backend/models/user.js","statementMap":{"0":{"start":{"line":1,"column":17},"end":{"line":1,"column":36}},"1":{"start":{"line":2,"column":15},"end":{"line":2,"column":30}},"2":{"start":{"line":3,"column":17},"end":{"line":3,"column":40}},"3":{"start":{"line":6,"column":19},"end":{"line":6,"column":140}},"4":{"start":{"line":8,"column":19},"end":{"line":37,"column":2}},"5":{"start":{"line":41,"column":0},"end":{"line":41,"column":57}}},"fnMap":{},"branchMap":{},"s":{"0":1,"1":1,"2":1,"3":1,"4":1,"5":1},"f":{},"b":{},"_coverageSchema":"1a1c01bbd47fc00a2c39e90264f33305004495a9","hash":"85791a196d6eea44bb428a3f498e87ffd39d52ac"}
,"/home/vishal/Workspace/Assignment/backend/routes/users.js": {"path":"/home/vishal/Workspace/Assignment/backend/routes/users.js","statementMap":{"0":{"start":{"line":1,"column":16},"end":{"line":1,"column":34}},"1":{"start":{"line":2,"column":15},"end":{"line":2,"column":31}},"2":{"start":{"line":3,"column":20},"end":{"line":3,"column":54}},"3":{"start":{"line":4,"column":20},"end":{"line":4,"column":54}},"4":{"start":{"line":5,"column":20},"end":{"line":5,"column":63}},"5":{"start":{"line":6,"column":15},"end":{"line":6,"column":44}},"6":{"start":{"line":8,"column":0},"end":{"line":25,"column":3}},"7":{"start":{"line":9,"column":2},"end":{"line":24,"column":7}},"8":{"start":{"line":12,"column":6},"end":{"line":12,"column":33}},"9":{"start":{"line":13,"column":6},"end":{"line":15,"column":8}},"10":{"start":{"line":18,"column":6},"end":{"line":22,"column":8}},"11":{"start":{"line":23,"column":6},"end":{"line":23,"column":66}},"12":{"start":{"line":27,"column":0},"end":{"line":44,"column":3}},"13":{"start":{"line":28,"column":2},"end":{"line":43,"column":7}},"14":{"start":{"line":31,"column":6},"end":{"line":31,"column":32}},"15":{"start":{"line":32,"column":6},"end":{"line":34,"column":8}},"16":{"start":{"line":37,"column":6},"end":{"line":41,"column":8}},"17":{"start":{"line":42,"column":6},"end":{"line":42,"column":66}},"18":{"start":{"line":46,"column":0},"end":{"line":63,"column":3}},"19":{"start":{"line":47,"column":2},"end":{"line":62,"column":7}},"20":{"start":{"line":50,"column":6},"end":{"line":50,"column":38}},"21":{"start":{"line":51,"column":6},"end":{"line":53,"column":8}},"22":{"start":{"line":56,"column":6},"end":{"line":60,"column":8}},"23":{"start":{"line":61,"column":6},"end":{"line":61,"column":66}},"24":{"start":{"line":65,"column":0},"end":{"line":82,"column":3}},"25":{"start":{"line":66,"column":2},"end":{"line":81,"column":7}},"26":{"start":{"line":69,"column":6},"end":{"line":69,"column":41}},"27":{"start":{"line":70,"column":6},"end":{"line":72,"column":8}},"28":{"start":{"line":75,"column":6},"end":{"line":79,"column":8}},"29":{"start":{"line":80,"column":6},"end":{"line":80,"column":66}},"30":{"start":{"line":84,"column":0},"end":{"line":104,"column":3}},"31":{"start":{"line":85,"column":2},"end":{"line":103,"column":7}},"32":{"start":{"line":88,"column":6},"end":{"line":88,"column":42}},"33":{"start":{"line":89,"column":6},"end":{"line":94,"column":8}},"34":{"start":{"line":97,"column":6},"end":{"line":101,"column":8}},"35":{"start":{"line":102,"column":6},"end":{"line":102,"column":66}},"36":{"start":{"line":106,"column":0},"end":{"line":123,"column":3}},"37":{"start":{"line":107,"column":2},"end":{"line":122,"column":7}},"38":{"start":{"line":110,"column":6},"end":{"line":110,"column":48}},"39":{"start":{"line":111,"column":6},"end":{"line":113,"column":8}},"40":{"start":{"line":116,"column":6},"end":{"line":120,"column":8}},"41":{"start":{"line":121,"column":6},"end":{"line":121,"column":66}},"42":{"start":{"line":125,"column":0},"end":{"line":140,"column":3}},"43":{"start":{"line":126,"column":2},"end":{"line":139,"column":7}},"44":{"start":{"line":129,"column":6},"end":{"line":129,"column":35}},"45":{"start":{"line":130,"column":6},"end":{"line":130,"column":74}},"46":{"start":{"line":133,"column":6},"end":{"line":137,"column":8}},"47":{"start":{"line":138,"column":6},"end":{"line":138,"column":66}},"48":{"start":{"line":142,"column":0},"end":{"line":162,"column":3}},"49":{"start":{"line":143,"column":2},"end":{"line":161,"column":7}},"50":{"start":{"line":146,"column":6},"end":{"line":146,"column":41}},"51":{"start":{"line":147,"column":6},"end":{"line":152,"column":8}},"52":{"start":{"line":155,"column":6},"end":{"line":159,"column":8}},"53":{"start":{"line":160,"column":6},"end":{"line":160,"column":66}},"54":{"start":{"line":164,"column":0},"end":{"line":179,"column":3}},"55":{"start":{"line":165,"column":2},"end":{"line":178,"column":7}},"56":{"start":{"line":168,"column":6},"end":{"line":168,"column":38}},"57":{"start":{"line":169,"column":6},"end":{"line":169,"column":75}},"58":{"start":{"line":172,"column":6},"end":{"line":176,"column":8}},"59":{"start":{"line":177,"column":6},"end":{"line":177,"column":66}},"60":{"start":{"line":181,"column":0},"end":{"line":181,"column":24}}},"fnMap":{"0":{"name":"(anonymous_0)","decl":{"start":{"line":8,"column":23},"end":{"line":8,"column":24}},"loc":{"start":{"line":8,"column":37},"end":{"line":25,"column":1}},"line":8},"1":{"name":"(anonymous_1)","decl":{"start":{"line":11,"column":10},"end":{"line":11,"column":11}},"loc":{"start":{"line":11,"column":22},"end":{"line":16,"column":5}},"line":11},"2":{"name":"(anonymous_2)","decl":{"start":{"line":17,"column":11},"end":{"line":17,"column":12}},"loc":{"start":{"line":17,"column":20},"end":{"line":24,"column":5}},"line":17},"3":{"name":"(anonymous_3)","decl":{"start":{"line":27,"column":22},"end":{"line":27,"column":23}},"loc":{"start":{"line":27,"column":36},"end":{"line":44,"column":1}},"line":27},"4":{"name":"(anonymous_4)","decl":{"start":{"line":30,"column":10},"end":{"line":30,"column":11}},"loc":{"start":{"line":30,"column":22},"end":{"line":35,"column":5}},"line":30},"5":{"name":"(anonymous_5)","decl":{"start":{"line":36,"column":11},"end":{"line":36,"column":12}},"loc":{"start":{"line":36,"column":20},"end":{"line":43,"column":5}},"line":36},"6":{"name":"(anonymous_6)","decl":{"start":{"line":46,"column":40},"end":{"line":46,"column":41}},"loc":{"start":{"line":46,"column":54},"end":{"line":63,"column":1}},"line":46},"7":{"name":"(anonymous_7)","decl":{"start":{"line":49,"column":10},"end":{"line":49,"column":11}},"loc":{"start":{"line":49,"column":22},"end":{"line":54,"column":5}},"line":49},"8":{"name":"(anonymous_8)","decl":{"start":{"line":55,"column":11},"end":{"line":55,"column":12}},"loc":{"start":{"line":55,"column":20},"end":{"line":62,"column":5}},"line":55},"9":{"name":"(anonymous_9)","decl":{"start":{"line":65,"column":41},"end":{"line":65,"column":42}},"loc":{"start":{"line":65,"column":55},"end":{"line":82,"column":1}},"line":65},"10":{"name":"(anonymous_10)","decl":{"start":{"line":68,"column":10},"end":{"line":68,"column":11}},"loc":{"start":{"line":68,"column":22},"end":{"line":73,"column":5}},"line":68},"11":{"name":"(anonymous_11)","decl":{"start":{"line":74,"column":11},"end":{"line":74,"column":12}},"loc":{"start":{"line":74,"column":20},"end":{"line":81,"column":5}},"line":74},"12":{"name":"(anonymous_12)","decl":{"start":{"line":84,"column":42},"end":{"line":84,"column":43}},"loc":{"start":{"line":84,"column":56},"end":{"line":104,"column":1}},"line":84},"13":{"name":"(anonymous_13)","decl":{"start":{"line":87,"column":10},"end":{"line":87,"column":11}},"loc":{"start":{"line":87,"column":22},"end":{"line":95,"column":5}},"line":87},"14":{"name":"(anonymous_14)","decl":{"start":{"line":96,"column":11},"end":{"line":96,"column":12}},"loc":{"start":{"line":96,"column":20},"end":{"line":103,"column":5}},"line":96},"15":{"name":"(anonymous_15)","decl":{"start":{"line":106,"column":31},"end":{"line":106,"column":32}},"loc":{"start":{"line":106,"column":45},"end":{"line":123,"column":1}},"line":106},"16":{"name":"(anonymous_16)","decl":{"start":{"line":109,"column":10},"end":{"line":109,"column":11}},"loc":{"start":{"line":109,"column":22},"end":{"line":114,"column":5}},"line":109},"17":{"name":"(anonymous_17)","decl":{"start":{"line":115,"column":11},"end":{"line":115,"column":12}},"loc":{"start":{"line":115,"column":20},"end":{"line":122,"column":5}},"line":115},"18":{"name":"(anonymous_18)","decl":{"start":{"line":125,"column":32},"end":{"line":125,"column":33}},"loc":{"start":{"line":125,"column":46},"end":{"line":140,"column":1}},"line":125},"19":{"name":"(anonymous_19)","decl":{"start":{"line":128,"column":10},"end":{"line":128,"column":11}},"loc":{"start":{"line":128,"column":22},"end":{"line":131,"column":5}},"line":128},"20":{"name":"(anonymous_20)","decl":{"start":{"line":132,"column":11},"end":{"line":132,"column":12}},"loc":{"start":{"line":132,"column":20},"end":{"line":139,"column":5}},"line":132},"21":{"name":"(anonymous_21)","decl":{"start":{"line":142,"column":42},"end":{"line":142,"column":43}},"loc":{"start":{"line":142,"column":56},"end":{"line":162,"column":1}},"line":142},"22":{"name":"(anonymous_22)","decl":{"start":{"line":145,"column":10},"end":{"line":145,"column":11}},"loc":{"start":{"line":145,"column":22},"end":{"line":153,"column":5}},"line":145},"23":{"name":"(anonymous_23)","decl":{"start":{"line":154,"column":11},"end":{"line":154,"column":12}},"loc":{"start":{"line":154,"column":20},"end":{"line":161,"column":5}},"line":154},"24":{"name":"(anonymous_24)","decl":{"start":{"line":164,"column":40},"end":{"line":164,"column":41}},"loc":{"start":{"line":164,"column":54},"end":{"line":179,"column":1}},"line":164},"25":{"name":"(anonymous_25)","decl":{"start":{"line":167,"column":10},"end":{"line":167,"column":11}},"loc":{"start":{"line":167,"column":22},"end":{"line":170,"column":5}},"line":167},"26":{"name":"(anonymous_26)","decl":{"start":{"line":171,"column":11},"end":{"line":171,"column":12}},"loc":{"start":{"line":171,"column":20},"end":{"line":178,"column":5}},"line":171}},"branchMap":{"0":{"loc":{"start":{"line":19,"column":11},"end":{"line":19,"column":28}},"type":"binary-expr","locations":[{"start":{"line":19,"column":11},"end":{"line":19,"column":21}},{"start":{"line":19,"column":25},"end":{"line":19,"column":28}}],"line":19},"1":{"loc":{"start":{"line":38,"column":11},"end":{"line":38,"column":28}},"type":"binary-expr","locations":[{"start":{"line":38,"column":11},"end":{"line":38,"column":21}},{"start":{"line":38,"column":25},"end":{"line":38,"column":28}}],"line":38},"2":{"loc":{"start":{"line":57,"column":11},"end":{"line":57,"column":28}},"type":"binary-expr","locations":[{"start":{"line":57,"column":11},"end":{"line":57,"column":21}},{"start":{"line":57,"column":25},"end":{"line":57,"column":28}}],"line":57},"3":{"loc":{"start":{"line":76,"column":11},"end":{"line":76,"column":28}},"type":"binary-expr","locations":[{"start":{"line":76,"column":11},"end":{"line":76,"column":21}},{"start":{"line":76,"column":25},"end":{"line":76,"column":28}}],"line":76},"4":{"loc":{"start":{"line":98,"column":11},"end":{"line":98,"column":28}},"type":"binary-expr","locations":[{"start":{"line":98,"column":11},"end":{"line":98,"column":21}},{"start":{"line":98,"column":25},"end":{"line":98,"column":28}}],"line":98},"5":{"loc":{"start":{"line":117,"column":11},"end":{"line":117,"column":28}},"type":"binary-expr","locations":[{"start":{"line":117,"column":11},"end":{"line":117,"column":21}},{"start":{"line":117,"column":25},"end":{"line":117,"column":28}}],"line":117},"6":{"loc":{"start":{"line":134,"column":11},"end":{"line":134,"column":28}},"type":"binary-expr","locations":[{"start":{"line":134,"column":11},"end":{"line":134,"column":21}},{"start":{"line":134,"column":25},"end":{"line":134,"column":28}}],"line":134},"7":{"loc":{"start":{"line":156,"column":11},"end":{"line":156,"column":28}},"type":"binary-expr","locations":[{"start":{"line":156,"column":11},"end":{"line":156,"column":21}},{"start":{"line":156,"column":25},"end":{"line":156,"column":28}}],"line":156},"8":{"loc":{"start":{"line":173,"column":11},"end":{"line":173,"column":28}},"type":"binary-expr","locations":[{"start":{"line":173,"column":11},"end":{"line":173,"column":21}},{"start":{"line":173,"column":25},"end":{"line":173,"column":28}}],"line":173}},"s":{"0":1,"1":1,"2":1,"3":1,"4":1,"5":1,"6":1,"7":2,"8":0,"9":0,"10":2,"11":2,"12":1,"13":3,"14":2,"15":2,"16":1,"17":1,"18":1,"19":2,"20":1,"21":1,"22":1,"23":1,"24":1,"25":3,"26":2,"27":2,"28":1,"29":1,"30":1,"31":1,"32":0,"33":0,"34":1,"35":1,"36":1,"37":2,"38":1,"39":1,"40":1,"41":1,"42":1,"43":2,"44":1,"45":1,"46":1,"47":1,"48":1,"49":2,"50":1,"51":1,"52":1,"53":1,"54":1,"55":2,"56":1,"57":1,"58":1,"59":1,"60":1},"f":{"0":2,"1":0,"2":2,"3":3,"4":2,"5":1,"6":2,"7":1,"8":1,"9":3,"10":2,"11":1,"12":1,"13":0,"14":1,"15":2,"16":1,"17":1,"18":2,"19":1,"20":1,"21":2,"22":1,"23":1,"24":2,"25":1,"26":1},"b":{"0":[2,2],"1":[1,1],"2":[1,1],"3":[1,1],"4":[1,1],"5":[1,1],"6":[1,1],"7":[1,1],"8":[1,1]},"_coverageSchema":"1a1c01bbd47fc00a2c39e90264f33305004495a9","hash":"8b6e367eeda3417a4fde635ab64f07ab3c86f3b9"}
,"/home/vishal/Workspace/Assignment/backend/services/dataservice.js": {"path":"/home/vishal/Workspace/Assignment/backend/services/dataservice.js","statementMap":{"0":{"start":{"line":1,"column":22},"end":{"line":7,"column":1}},"1":{"start":{"line":2,"column":2},"end":{"line":6,"column":4}},"2":{"start":{"line":9,"column":22},"end":{"line":15,"column":1}},"3":{"start":{"line":17,"column":0},"end":{"line":20,"column":2}}},"fnMap":{"0":{"name":"(anonymous_0)","decl":{"start":{"line":1,"column":22},"end":{"line":1,"column":23}},"loc":{"start":{"line":1,"column":43},"end":{"line":7,"column":1}},"line":1},"1":{"name":"(anonymous_1)","decl":{"start":{"line":9,"column":22},"end":{"line":9,"column":23}},"loc":{"start":{"line":9,"column":37},"end":{"line":15,"column":1}},"line":9}},"branchMap":{},"s":{"0":1,"1":9,"2":1,"3":1},"f":{"0":9,"1":10},"b":{},"_coverageSchema":"1a1c01bbd47fc00a2c39e90264f33305004495a9","hash":"b18d73e81c23cda7ee188ed1a250cd3b1f49a18b"}
,"/home/vishal/Workspace/Assignment/backend/services/userservice.js": {"path":"/home/vishal/Workspace/Assignment/backend/services/userservice.js","statementMap":{"0":{"start":{"line":1,"column":19},"end":{"line":1,"column":46}},"1":{"start":{"line":2,"column":17},"end":{"line":2,"column":51}},"2":{"start":{"line":3,"column":15},"end":{"line":3,"column":32}},"3":{"start":{"line":5,"column":19},"end":{"line":5,"column":40}},"4":{"start":{"line":6,"column":15},"end":{"line":6,"column":41}},"5":{"start":{"line":7,"column":15},"end":{"line":7,"column":38}},"6":{"start":{"line":8,"column":12},"end":{"line":8,"column":39}},"7":{"start":{"line":10,"column":19},"end":{"line":10,"column":21}},"8":{"start":{"line":12,"column":19},"end":{"line":47,"column":1}},"9":{"start":{"line":13,"column":2},"end":{"line":46,"column":5}},"10":{"start":{"line":14,"column":4},"end":{"line":45,"column":5}},"11":{"start":{"line":15,"column":24},"end":{"line":15,"column":44}},"12":{"start":{"line":17,"column":6},"end":{"line":44,"column":7}},"13":{"start":{"line":18,"column":8},"end":{"line":41,"column":9}},"14":{"start":{"line":19,"column":10},"end":{"line":27,"column":13}},"15":{"start":{"line":20,"column":12},"end":{"line":20,"column":33}},"16":{"start":{"line":20,"column":21},"end":{"line":20,"column":33}},"17":{"start":{"line":22,"column":12},"end":{"line":26,"column":13}},"18":{"start":{"line":23,"column":14},"end":{"line":23,"column":60}},"19":{"start":{"line":25,"column":14},"end":{"line":25,"column":64}},"20":{"start":{"line":28,"column":15},"end":{"line":41,"column":9}},"21":{"start":{"line":29,"column":10},"end":{"line":40,"column":12}},"22":{"start":{"line":32,"column":14},"end":{"line":32,"column":35}},"23":{"start":{"line":32,"column":23},"end":{"line":32,"column":35}},"24":{"start":{"line":34,"column":14},"end":{"line":38,"column":15}},"25":{"start":{"line":35,"column":16},"end":{"line":35,"column":69}},"26":{"start":{"line":37,"column":16},"end":{"line":37,"column":66}},"27":{"start":{"line":43,"column":8},"end":{"line":43,"column":66}},"28":{"start":{"line":49,"column":18},"end":{"line":84,"column":1}},"29":{"start":{"line":50,"column":2},"end":{"line":83,"column":5}},"30":{"start":{"line":51,"column":4},"end":{"line":82,"column":5}},"31":{"start":{"line":52,"column":24},"end":{"line":52,"column":44}},"32":{"start":{"line":54,"column":6},"end":{"line":81,"column":7}},"33":{"start":{"line":55,"column":8},"end":{"line":78,"column":9}},"34":{"start":{"line":56,"column":10},"end":{"line":64,"column":13}},"35":{"start":{"line":57,"column":12},"end":{"line":57,"column":33}},"36":{"start":{"line":57,"column":21},"end":{"line":57,"column":33}},"37":{"start":{"line":59,"column":12},"end":{"line":63,"column":13}},"38":{"start":{"line":60,"column":14},"end":{"line":60,"column":68}},"39":{"start":{"line":62,"column":14},"end":{"line":62,"column":42}},"40":{"start":{"line":65,"column":15},"end":{"line":78,"column":9}},"41":{"start":{"line":66,"column":10},"end":{"line":77,"column":12}},"42":{"start":{"line":69,"column":14},"end":{"line":69,"column":35}},"43":{"start":{"line":69,"column":23},"end":{"line":69,"column":35}},"44":{"start":{"line":71,"column":14},"end":{"line":75,"column":15}},"45":{"start":{"line":72,"column":16},"end":{"line":72,"column":70}},"46":{"start":{"line":74,"column":16},"end":{"line":74,"column":44}},"47":{"start":{"line":80,"column":8},"end":{"line":80,"column":66}},"48":{"start":{"line":86,"column":32},"end":{"line":96,"column":1}},"49":{"start":{"line":87,"column":2},"end":{"line":95,"column":5}},"50":{"start":{"line":88,"column":4},"end":{"line":88,"column":25}},"51":{"start":{"line":88,"column":13},"end":{"line":88,"column":25}},"52":{"start":{"line":90,"column":4},"end":{"line":90,"column":30}},"53":{"start":{"line":91,"column":4},"end":{"line":94,"column":7}},"54":{"start":{"line":92,"column":20},"end":{"line":92,"column":43}},"55":{"start":{"line":93,"column":6},"end":{"line":93,"column":47}},"56":{"start":{"line":98,"column":34},"end":{"line":117,"column":1}},"57":{"start":{"line":104,"column":2},"end":{"line":116,"column":5}},"58":{"start":{"line":105,"column":4},"end":{"line":105,"column":25}},"59":{"start":{"line":105,"column":13},"end":{"line":105,"column":25}},"60":{"start":{"line":107,"column":4},"end":{"line":115,"column":6}},"61":{"start":{"line":111,"column":8},"end":{"line":111,"column":41}},"62":{"start":{"line":111,"column":23},"end":{"line":111,"column":41}},"63":{"start":{"line":113,"column":8},"end":{"line":113,"column":22}},"64":{"start":{"line":119,"column":24},"end":{"line":132,"column":1}},"65":{"start":{"line":120,"column":2},"end":{"line":131,"column":5}},"66":{"start":{"line":121,"column":4},"end":{"line":123,"column":5}},"67":{"start":{"line":122,"column":6},"end":{"line":122,"column":18}},"68":{"start":{"line":124,"column":4},"end":{"line":130,"column":5}},"69":{"start":{"line":125,"column":19},"end":{"line":125,"column":55}},"70":{"start":{"line":126,"column":20},"end":{"line":126,"column":45}},"71":{"start":{"line":127,"column":6},"end":{"line":127,"column":49}},"72":{"start":{"line":129,"column":6},"end":{"line":129,"column":34}},"73":{"start":{"line":134,"column":23},"end":{"line":147,"column":1}},"74":{"start":{"line":135,"column":2},"end":{"line":146,"column":5}},"75":{"start":{"line":136,"column":4},"end":{"line":145,"column":7}},"76":{"start":{"line":137,"column":6},"end":{"line":139,"column":7}},"77":{"start":{"line":138,"column":8},"end":{"line":138,"column":20}},"78":{"start":{"line":140,"column":6},"end":{"line":144,"column":7}},"79":{"start":{"line":141,"column":8},"end":{"line":141,"column":22}},"80":{"start":{"line":143,"column":8},"end":{"line":143,"column":33}},"81":{"start":{"line":149,"column":24},"end":{"line":183,"column":1}},"82":{"start":{"line":150,"column":2},"end":{"line":182,"column":5}},"83":{"start":{"line":151,"column":4},"end":{"line":181,"column":6}},"84":{"start":{"line":157,"column":8},"end":{"line":159,"column":9}},"85":{"start":{"line":158,"column":10},"end":{"line":158,"column":22}},"86":{"start":{"line":161,"column":8},"end":{"line":179,"column":9}},"87":{"start":{"line":162,"column":10},"end":{"line":162,"column":72}},"88":{"start":{"line":164,"column":10},"end":{"line":178,"column":12}},"89":{"start":{"line":169,"column":14},"end":{"line":171,"column":15}},"90":{"start":{"line":170,"column":16},"end":{"line":170,"column":34}},"91":{"start":{"line":172,"column":14},"end":{"line":176,"column":15}},"92":{"start":{"line":173,"column":16},"end":{"line":173,"column":37}},"93":{"start":{"line":175,"column":16},"end":{"line":175,"column":41}},"94":{"start":{"line":185,"column":22},"end":{"line":216,"column":1}},"95":{"start":{"line":186,"column":2},"end":{"line":215,"column":5}},"96":{"start":{"line":187,"column":4},"end":{"line":214,"column":7}},"97":{"start":{"line":188,"column":6},"end":{"line":188,"column":27}},"98":{"start":{"line":188,"column":15},"end":{"line":188,"column":27}},"99":{"start":{"line":190,"column":6},"end":{"line":213,"column":7}},"100":{"start":{"line":191,"column":8},"end":{"line":212,"column":9}},"101":{"start":{"line":192,"column":10},"end":{"line":209,"column":12}},"102":{"start":{"line":196,"column":14},"end":{"line":196,"column":55}},"103":{"start":{"line":196,"column":33},"end":{"line":196,"column":55}},"104":{"start":{"line":198,"column":14},"end":{"line":207,"column":15}},"105":{"start":{"line":199,"column":16},"end":{"line":204,"column":18}},"106":{"start":{"line":206,"column":16},"end":{"line":206,"column":49}},"107":{"start":{"line":211,"column":10},"end":{"line":211,"column":75}},"108":{"start":{"line":218,"column":23},"end":{"line":257,"column":1}},"109":{"start":{"line":219,"column":2},"end":{"line":256,"column":5}},"110":{"start":{"line":220,"column":4},"end":{"line":255,"column":5}},"111":{"start":{"line":221,"column":6},"end":{"line":236,"column":9}},"112":{"start":{"line":222,"column":8},"end":{"line":222,"column":29}},"113":{"start":{"line":222,"column":17},"end":{"line":222,"column":29}},"114":{"start":{"line":223,"column":8},"end":{"line":235,"column":9}},"115":{"start":{"line":224,"column":10},"end":{"line":230,"column":15}},"116":{"start":{"line":226,"column":14},"end":{"line":226,"column":28}},"117":{"start":{"line":229,"column":14},"end":{"line":229,"column":31}},"118":{"start":{"line":232,"column":10},"end":{"line":234,"column":12}},"119":{"start":{"line":238,"column":6},"end":{"line":254,"column":9}},"120":{"start":{"line":239,"column":8},"end":{"line":239,"column":29}},"121":{"start":{"line":239,"column":17},"end":{"line":239,"column":29}},"122":{"start":{"line":241,"column":8},"end":{"line":253,"column":9}},"123":{"start":{"line":242,"column":10},"end":{"line":248,"column":11}},"124":{"start":{"line":243,"column":12},"end":{"line":245,"column":53}},"125":{"start":{"line":244,"column":30},"end":{"line":244,"column":43}},"126":{"start":{"line":245,"column":35},"end":{"line":245,"column":51}},"127":{"start":{"line":247,"column":12},"end":{"line":247,"column":53}},"128":{"start":{"line":250,"column":10},"end":{"line":252,"column":12}},"129":{"start":{"line":259,"column":18},"end":{"line":295,"column":1}},"130":{"start":{"line":260,"column":2},"end":{"line":294,"column":5}},"131":{"start":{"line":261,"column":22},"end":{"line":269,"column":6}},"132":{"start":{"line":271,"column":20},"end":{"line":285,"column":5}},"133":{"start":{"line":287,"column":4},"end":{"line":293,"column":7}},"134":{"start":{"line":288,"column":6},"end":{"line":292,"column":7}},"135":{"start":{"line":289,"column":8},"end":{"line":289,"column":20}},"136":{"start":{"line":291,"column":8},"end":{"line":291,"column":43}},"137":{"start":{"line":297,"column":20},"end":{"line":320,"column":1}},"138":{"start":{"line":298,"column":2},"end":{"line":319,"column":5}},"139":{"start":{"line":299,"column":4},"end":{"line":318,"column":25}},"140":{"start":{"line":300,"column":6},"end":{"line":300,"column":27}},"141":{"start":{"line":300,"column":15},"end":{"line":300,"column":27}},"142":{"start":{"line":302,"column":6},"end":{"line":317,"column":37}},"143":{"start":{"line":303,"column":28},"end":{"line":314,"column":10}},"144":{"start":{"line":304,"column":10},"end":{"line":313,"column":12}},"145":{"start":{"line":316,"column":8},"end":{"line":316,"column":31}},"146":{"start":{"line":317,"column":13},"end":{"line":317,"column":37}},"147":{"start":{"line":322,"column":18},"end":{"line":344,"column":1}},"148":{"start":{"line":323,"column":2},"end":{"line":343,"column":5}},"149":{"start":{"line":324,"column":4},"end":{"line":342,"column":6}},"150":{"start":{"line":337,"column":8},"end":{"line":339,"column":9}},"151":{"start":{"line":338,"column":10},"end":{"line":338,"column":22}},"152":{"start":{"line":340,"column":8},"end":{"line":340,"column":22}},"153":{"start":{"line":346,"column":19},"end":{"line":356,"column":1}},"154":{"start":{"line":347,"column":2},"end":{"line":355,"column":5}},"155":{"start":{"line":348,"column":4},"end":{"line":354,"column":7}},"156":{"start":{"line":349,"column":6},"end":{"line":349,"column":27}},"157":{"start":{"line":349,"column":15},"end":{"line":349,"column":27}},"158":{"start":{"line":351,"column":6},"end":{"line":353,"column":7}},"159":{"start":{"line":352,"column":8},"end":{"line":352,"column":30}},"160":{"start":{"line":358,"column":0},"end":{"line":368,"column":2}}},"fnMap":{"0":{"name":"(anonymous_0)","decl":{"start":{"line":12,"column":19},"end":{"line":12,"column":20}},"loc":{"start":{"line":12,"column":35},"end":{"line":47,"column":1}},"line":12},"1":{"name":"(anonymous_1)","decl":{"start":{"line":13,"column":21},"end":{"line":13,"column":22}},"loc":{"start":{"line":13,"column":42},"end":{"line":46,"column":3}},"line":13},"2":{"name":"(anonymous_2)","decl":{"start":{"line":19,"column":57},"end":{"line":19,"column":58}},"loc":{"start":{"line":19,"column":76},"end":{"line":27,"column":11}},"line":19},"3":{"name":"(anonymous_3)","decl":{"start":{"line":31,"column":12},"end":{"line":31,"column":13}},"loc":{"start":{"line":31,"column":31},"end":{"line":39,"column":13}},"line":31},"4":{"name":"(anonymous_4)","decl":{"start":{"line":49,"column":18},"end":{"line":49,"column":19}},"loc":{"start":{"line":49,"column":34},"end":{"line":84,"column":1}},"line":49},"5":{"name":"(anonymous_5)","decl":{"start":{"line":50,"column":21},"end":{"line":50,"column":22}},"loc":{"start":{"line":50,"column":42},"end":{"line":83,"column":3}},"line":50},"6":{"name":"(anonymous_6)","decl":{"start":{"line":56,"column":57},"end":{"line":56,"column":58}},"loc":{"start":{"line":56,"column":76},"end":{"line":64,"column":11}},"line":56},"7":{"name":"(anonymous_7)","decl":{"start":{"line":68,"column":12},"end":{"line":68,"column":13}},"loc":{"start":{"line":68,"column":31},"end":{"line":76,"column":13}},"line":68},"8":{"name":"(anonymous_8)","decl":{"start":{"line":86,"column":32},"end":{"line":86,"column":33}},"loc":{"start":{"line":86,"column":68},"end":{"line":96,"column":1}},"line":86},"9":{"name":"(anonymous_9)","decl":{"start":{"line":87,"column":41},"end":{"line":87,"column":42}},"loc":{"start":{"line":87,"column":56},"end":{"line":95,"column":3}},"line":87},"10":{"name":"(anonymous_10)","decl":{"start":{"line":91,"column":26},"end":{"line":91,"column":27}},"loc":{"start":{"line":91,"column":36},"end":{"line":94,"column":5}},"line":91},"11":{"name":"(anonymous_11)","decl":{"start":{"line":98,"column":34},"end":{"line":98,"column":35}},"loc":{"start":{"line":103,"column":2},"end":{"line":117,"column":1}},"line":103},"12":{"name":"(anonymous_12)","decl":{"start":{"line":104,"column":44},"end":{"line":104,"column":45}},"loc":{"start":{"line":104,"column":59},"end":{"line":116,"column":3}},"line":104},"13":{"name":"(anonymous_13)","decl":{"start":{"line":110,"column":6},"end":{"line":110,"column":7}},"loc":{"start":{"line":110,"column":27},"end":{"line":114,"column":7}},"line":110},"14":{"name":"(anonymous_14)","decl":{"start":{"line":119,"column":24},"end":{"line":119,"column":25}},"loc":{"start":{"line":119,"column":72},"end":{"line":132,"column":1}},"line":119},"15":{"name":"(anonymous_15)","decl":{"start":{"line":120,"column":56},"end":{"line":120,"column":57}},"loc":{"start":{"line":120,"column":76},"end":{"line":131,"column":3}},"line":120},"16":{"name":"(anonymous_16)","decl":{"start":{"line":134,"column":23},"end":{"line":134,"column":24}},"loc":{"start":{"line":134,"column":41},"end":{"line":147,"column":1}},"line":134},"17":{"name":"(anonymous_17)","decl":{"start":{"line":135,"column":21},"end":{"line":135,"column":22}},"loc":{"start":{"line":135,"column":42},"end":{"line":146,"column":3}},"line":135},"18":{"name":"(anonymous_18)","decl":{"start":{"line":136,"column":32},"end":{"line":136,"column":33}},"loc":{"start":{"line":136,"column":47},"end":{"line":145,"column":5}},"line":136},"19":{"name":"(anonymous_19)","decl":{"start":{"line":149,"column":24},"end":{"line":149,"column":25}},"loc":{"start":{"line":149,"column":48},"end":{"line":183,"column":1}},"line":149},"20":{"name":"(anonymous_20)","decl":{"start":{"line":150,"column":21},"end":{"line":150,"column":22}},"loc":{"start":{"line":150,"column":42},"end":{"line":182,"column":3}},"line":150},"21":{"name":"(anonymous_21)","decl":{"start":{"line":156,"column":6},"end":{"line":156,"column":7}},"loc":{"start":{"line":156,"column":25},"end":{"line":180,"column":7}},"line":156},"22":{"name":"(anonymous_22)","decl":{"start":{"line":168,"column":12},"end":{"line":168,"column":13}},"loc":{"start":{"line":168,"column":40},"end":{"line":177,"column":13}},"line":168},"23":{"name":"(anonymous_23)","decl":{"start":{"line":185,"column":22},"end":{"line":185,"column":23}},"loc":{"start":{"line":185,"column":54},"end":{"line":216,"column":1}},"line":185},"24":{"name":"(anonymous_24)","decl":{"start":{"line":186,"column":21},"end":{"line":186,"column":22}},"loc":{"start":{"line":186,"column":42},"end":{"line":215,"column":3}},"line":186},"25":{"name":"(anonymous_25)","decl":{"start":{"line":187,"column":32},"end":{"line":187,"column":33}},"loc":{"start":{"line":187,"column":47},"end":{"line":214,"column":5}},"line":187},"26":{"name":"(anonymous_26)","decl":{"start":{"line":195,"column":12},"end":{"line":195,"column":13}},"loc":{"start":{"line":195,"column":39},"end":{"line":208,"column":13}},"line":195},"27":{"name":"(anonymous_27)","decl":{"start":{"line":218,"column":23},"end":{"line":218,"column":24}},"loc":{"start":{"line":218,"column":43},"end":{"line":257,"column":1}},"line":218},"28":{"name":"(anonymous_28)","decl":{"start":{"line":219,"column":21},"end":{"line":219,"column":22}},"loc":{"start":{"line":219,"column":42},"end":{"line":256,"column":3}},"line":219},"29":{"name":"(anonymous_29)","decl":{"start":{"line":221,"column":52},"end":{"line":221,"column":53}},"loc":{"start":{"line":221,"column":67},"end":{"line":236,"column":7}},"line":221},"30":{"name":"(anonymous_30)","decl":{"start":{"line":225,"column":18},"end":{"line":225,"column":19}},"loc":{"start":{"line":225,"column":28},"end":{"line":227,"column":13}},"line":225},"31":{"name":"(anonymous_31)","decl":{"start":{"line":228,"column":19},"end":{"line":228,"column":20}},"loc":{"start":{"line":228,"column":33},"end":{"line":230,"column":13}},"line":228},"32":{"name":"(anonymous_32)","decl":{"start":{"line":238,"column":64},"end":{"line":238,"column":65}},"loc":{"start":{"line":238,"column":79},"end":{"line":254,"column":7}},"line":238},"33":{"name":"(anonymous_33)","decl":{"start":{"line":244,"column":20},"end":{"line":244,"column":21}},"loc":{"start":{"line":244,"column":30},"end":{"line":244,"column":43}},"line":244},"34":{"name":"(anonymous_34)","decl":{"start":{"line":245,"column":21},"end":{"line":245,"column":22}},"loc":{"start":{"line":245,"column":35},"end":{"line":245,"column":51}},"line":245},"35":{"name":"(anonymous_35)","decl":{"start":{"line":259,"column":18},"end":{"line":259,"column":19}},"loc":{"start":{"line":259,"column":43},"end":{"line":295,"column":1}},"line":259},"36":{"name":"(anonymous_36)","decl":{"start":{"line":260,"column":21},"end":{"line":260,"column":22}},"loc":{"start":{"line":260,"column":42},"end":{"line":294,"column":3}},"line":260},"37":{"name":"(anonymous_37)","decl":{"start":{"line":287,"column":32},"end":{"line":287,"column":33}},"loc":{"start":{"line":287,"column":53},"end":{"line":293,"column":5}},"line":287},"38":{"name":"(anonymous_38)","decl":{"start":{"line":297,"column":20},"end":{"line":297,"column":21}},"loc":{"start":{"line":297,"column":38},"end":{"line":320,"column":1}},"line":297},"39":{"name":"(anonymous_39)","decl":{"start":{"line":298,"column":21},"end":{"line":298,"column":22}},"loc":{"start":{"line":298,"column":42},"end":{"line":319,"column":3}},"line":298},"40":{"name":"(anonymous_40)","decl":{"start":{"line":299,"column":60},"end":{"line":299,"column":61}},"loc":{"start":{"line":299,"column":76},"end":{"line":318,"column":5}},"line":299},"41":{"name":"(anonymous_41)","decl":{"start":{"line":303,"column":38},"end":{"line":303,"column":39}},"loc":{"start":{"line":303,"column":45},"end":{"line":314,"column":9}},"line":303},"42":{"name":"(anonymous_42)","decl":{"start":{"line":322,"column":18},"end":{"line":322,"column":19}},"loc":{"start":{"line":322,"column":44},"end":{"line":344,"column":1}},"line":322},"43":{"name":"(anonymous_43)","decl":{"start":{"line":323,"column":21},"end":{"line":323,"column":22}},"loc":{"start":{"line":323,"column":42},"end":{"line":343,"column":3}},"line":323},"44":{"name":"(anonymous_44)","decl":{"start":{"line":336,"column":6},"end":{"line":336,"column":7}},"loc":{"start":{"line":336,"column":21},"end":{"line":341,"column":7}},"line":336},"45":{"name":"(anonymous_45)","decl":{"start":{"line":346,"column":19},"end":{"line":346,"column":20}},"loc":{"start":{"line":346,"column":37},"end":{"line":356,"column":1}},"line":346},"46":{"name":"(anonymous_46)","decl":{"start":{"line":347,"column":21},"end":{"line":347,"column":22}},"loc":{"start":{"line":347,"column":42},"end":{"line":355,"column":3}},"line":347},"47":{"name":"(anonymous_47)","decl":{"start":{"line":348,"column":40},"end":{"line":348,"column":41}},"loc":{"start":{"line":348,"column":55},"end":{"line":354,"column":5}},"line":348}},"branchMap":{"0":{"loc":{"start":{"line":14,"column":4},"end":{"line":45,"column":5}},"type":"if","locations":[{"start":{"line":14,"column":4},"end":{"line":45,"column":5}},{"start":{"line":14,"column":4},"end":{"line":45,"column":5}}],"line":14},"1":{"loc":{"start":{"line":17,"column":6},"end":{"line":44,"column":7}},"type":"if","locations":[{"start":{"line":17,"column":6},"end":{"line":44,"column":7}},{"start":{"line":17,"column":6},"end":{"line":44,"column":7}}],"line":17},"2":{"loc":{"start":{"line":17,"column":10},"end":{"line":17,"column":50}},"type":"binary-expr","locations":[{"start":{"line":17,"column":10},"end":{"line":17,"column":25}},{"start":{"line":17,"column":29},"end":{"line":17,"column":50}}],"line":17},"3":{"loc":{"start":{"line":18,"column":8},"end":{"line":41,"column":9}},"type":"if","locations":[{"start":{"line":18,"column":8},"end":{"line":41,"column":9}},{"start":{"line":18,"column":8},"end":{"line":41,"column":9}}],"line":18},"4":{"loc":{"start":{"line":20,"column":12},"end":{"line":20,"column":33}},"type":"if","locations":[{"start":{"line":20,"column":12},"end":{"line":20,"column":33}},{"start":{"line":20,"column":12},"end":{"line":20,"column":33}}],"line":20},"5":{"loc":{"start":{"line":22,"column":12},"end":{"line":26,"column":13}},"type":"if","locations":[{"start":{"line":22,"column":12},"end":{"line":26,"column":13}},{"start":{"line":22,"column":12},"end":{"line":26,"column":13}}],"line":22},"6":{"loc":{"start":{"line":28,"column":15},"end":{"line":41,"column":9}},"type":"if","locations":[{"start":{"line":28,"column":15},"end":{"line":41,"column":9}},{"start":{"line":28,"column":15},"end":{"line":41,"column":9}}],"line":28},"7":{"loc":{"start":{"line":32,"column":14},"end":{"line":32,"column":35}},"type":"if","locations":[{"start":{"line":32,"column":14},"end":{"line":32,"column":35}},{"start":{"line":32,"column":14},"end":{"line":32,"column":35}}],"line":32},"8":{"loc":{"start":{"line":34,"column":14},"end":{"line":38,"column":15}},"type":"if","locations":[{"start":{"line":34,"column":14},"end":{"line":38,"column":15}},{"start":{"line":34,"column":14},"end":{"line":38,"column":15}}],"line":34},"9":{"loc":{"start":{"line":51,"column":4},"end":{"line":82,"column":5}},"type":"if","locations":[{"start":{"line":51,"column":4},"end":{"line":82,"column":5}},{"start":{"line":51,"column":4},"end":{"line":82,"column":5}}],"line":51},"10":{"loc":{"start":{"line":54,"column":6},"end":{"line":81,"column":7}},"type":"if","locations":[{"start":{"line":54,"column":6},"end":{"line":81,"column":7}},{"start":{"line":54,"column":6},"end":{"line":81,"column":7}}],"line":54},"11":{"loc":{"start":{"line":54,"column":10},"end":{"line":54,"column":50}},"type":"binary-expr","locations":[{"start":{"line":54,"column":10},"end":{"line":54,"column":25}},{"start":{"line":54,"column":29},"end":{"line":54,"column":50}}],"line":54},"12":{"loc":{"start":{"line":55,"column":8},"end":{"line":78,"column":9}},"type":"if","locations":[{"start":{"line":55,"column":8},"end":{"line":78,"column":9}},{"start":{"line":55,"column":8},"end":{"line":78,"column":9}}],"line":55},"13":{"loc":{"start":{"line":57,"column":12},"end":{"line":57,"column":33}},"type":"if","locations":[{"start":{"line":57,"column":12},"end":{"line":57,"column":33}},{"start":{"line":57,"column":12},"end":{"line":57,"column":33}}],"line":57},"14":{"loc":{"start":{"line":59,"column":12},"end":{"line":63,"column":13}},"type":"if","locations":[{"start":{"line":59,"column":12},"end":{"line":63,"column":13}},{"start":{"line":59,"column":12},"end":{"line":63,"column":13}}],"line":59},"15":{"loc":{"start":{"line":65,"column":15},"end":{"line":78,"column":9}},"type":"if","locations":[{"start":{"line":65,"column":15},"end":{"line":78,"column":9}},{"start":{"line":65,"column":15},"end":{"line":78,"column":9}}],"line":65},"16":{"loc":{"start":{"line":69,"column":14},"end":{"line":69,"column":35}},"type":"if","locations":[{"start":{"line":69,"column":14},"end":{"line":69,"column":35}},{"start":{"line":69,"column":14},"end":{"line":69,"column":35}}],"line":69},"17":{"loc":{"start":{"line":71,"column":14},"end":{"line":75,"column":15}},"type":"if","locations":[{"start":{"line":71,"column":14},"end":{"line":75,"column":15}},{"start":{"line":71,"column":14},"end":{"line":75,"column":15}}],"line":71},"18":{"loc":{"start":{"line":88,"column":4},"end":{"line":88,"column":25}},"type":"if","locations":[{"start":{"line":88,"column":4},"end":{"line":88,"column":25}},{"start":{"line":88,"column":4},"end":{"line":88,"column":25}}],"line":88},"19":{"loc":{"start":{"line":105,"column":4},"end":{"line":105,"column":25}},"type":"if","locations":[{"start":{"line":105,"column":4},"end":{"line":105,"column":25}},{"start":{"line":105,"column":4},"end":{"line":105,"column":25}}],"line":105},"20":{"loc":{"start":{"line":111,"column":8},"end":{"line":111,"column":41}},"type":"if","locations":[{"start":{"line":111,"column":8},"end":{"line":111,"column":41}},{"start":{"line":111,"column":8},"end":{"line":111,"column":41}}],"line":111},"21":{"loc":{"start":{"line":121,"column":4},"end":{"line":123,"column":5}},"type":"if","locations":[{"start":{"line":121,"column":4},"end":{"line":123,"column":5}},{"start":{"line":121,"column":4},"end":{"line":123,"column":5}}],"line":121},"22":{"loc":{"start":{"line":124,"column":4},"end":{"line":130,"column":5}},"type":"if","locations":[{"start":{"line":124,"column":4},"end":{"line":130,"column":5}},{"start":{"line":124,"column":4},"end":{"line":130,"column":5}}],"line":124},"23":{"loc":{"start":{"line":137,"column":6},"end":{"line":139,"column":7}},"type":"if","locations":[{"start":{"line":137,"column":6},"end":{"line":139,"column":7}},{"start":{"line":137,"column":6},"end":{"line":139,"column":7}}],"line":137},"24":{"loc":{"start":{"line":140,"column":6},"end":{"line":144,"column":7}},"type":"if","locations":[{"start":{"line":140,"column":6},"end":{"line":144,"column":7}},{"start":{"line":140,"column":6},"end":{"line":144,"column":7}}],"line":140},"25":{"loc":{"start":{"line":157,"column":8},"end":{"line":159,"column":9}},"type":"if","locations":[{"start":{"line":157,"column":8},"end":{"line":159,"column":9}},{"start":{"line":157,"column":8},"end":{"line":159,"column":9}}],"line":157},"26":{"loc":{"start":{"line":161,"column":8},"end":{"line":179,"column":9}},"type":"if","locations":[{"start":{"line":161,"column":8},"end":{"line":179,"column":9}},{"start":{"line":161,"column":8},"end":{"line":179,"column":9}}],"line":161},"27":{"loc":{"start":{"line":161,"column":12},"end":{"line":161,"column":43}},"type":"binary-expr","locations":[{"start":{"line":161,"column":12},"end":{"line":161,"column":20}},{"start":{"line":161,"column":24},"end":{"line":161,"column":43}}],"line":161},"28":{"loc":{"start":{"line":169,"column":14},"end":{"line":171,"column":15}},"type":"if","locations":[{"start":{"line":169,"column":14},"end":{"line":171,"column":15}},{"start":{"line":169,"column":14},"end":{"line":171,"column":15}}],"line":169},"29":{"loc":{"start":{"line":172,"column":14},"end":{"line":176,"column":15}},"type":"if","locations":[{"start":{"line":172,"column":14},"end":{"line":176,"column":15}},{"start":{"line":172,"column":14},"end":{"line":176,"column":15}}],"line":172},"30":{"loc":{"start":{"line":188,"column":6},"end":{"line":188,"column":27}},"type":"if","locations":[{"start":{"line":188,"column":6},"end":{"line":188,"column":27}},{"start":{"line":188,"column":6},"end":{"line":188,"column":27}}],"line":188},"31":{"loc":{"start":{"line":190,"column":6},"end":{"line":213,"column":7}},"type":"if","locations":[{"start":{"line":190,"column":6},"end":{"line":213,"column":7}},{"start":{"line":190,"column":6},"end":{"line":213,"column":7}}],"line":190},"32":{"loc":{"start":{"line":191,"column":8},"end":{"line":212,"column":9}},"type":"if","locations":[{"start":{"line":191,"column":8},"end":{"line":212,"column":9}},{"start":{"line":191,"column":8},"end":{"line":212,"column":9}}],"line":191},"33":{"loc":{"start":{"line":196,"column":14},"end":{"line":196,"column":55}},"type":"if","locations":[{"start":{"line":196,"column":14},"end":{"line":196,"column":55}},{"start":{"line":196,"column":14},"end":{"line":196,"column":55}}],"line":196},"34":{"loc":{"start":{"line":198,"column":14},"end":{"line":207,"column":15}},"type":"if","locations":[{"start":{"line":198,"column":14},"end":{"line":207,"column":15}},{"start":{"line":198,"column":14},"end":{"line":207,"column":15}}],"line":198},"35":{"loc":{"start":{"line":220,"column":4},"end":{"line":255,"column":5}},"type":"if","locations":[{"start":{"line":220,"column":4},"end":{"line":255,"column":5}},{"start":{"line":220,"column":4},"end":{"line":255,"column":5}}],"line":220},"36":{"loc":{"start":{"line":222,"column":8},"end":{"line":222,"column":29}},"type":"if","locations":[{"start":{"line":222,"column":8},"end":{"line":222,"column":29}},{"start":{"line":222,"column":8},"end":{"line":222,"column":29}}],"line":222},"37":{"loc":{"start":{"line":223,"column":8},"end":{"line":235,"column":9}},"type":"if","locations":[{"start":{"line":223,"column":8},"end":{"line":235,"column":9}},{"start":{"line":223,"column":8},"end":{"line":235,"column":9}}],"line":223},"38":{"loc":{"start":{"line":239,"column":8},"end":{"line":239,"column":29}},"type":"if","locations":[{"start":{"line":239,"column":8},"end":{"line":239,"column":29}},{"start":{"line":239,"column":8},"end":{"line":239,"column":29}}],"line":239},"39":{"loc":{"start":{"line":241,"column":8},"end":{"line":253,"column":9}},"type":"if","locations":[{"start":{"line":241,"column":8},"end":{"line":253,"column":9}},{"start":{"line":241,"column":8},"end":{"line":253,"column":9}}],"line":241},"40":{"loc":{"start":{"line":242,"column":10},"end":{"line":248,"column":11}},"type":"if","locations":[{"start":{"line":242,"column":10},"end":{"line":248,"column":11}},{"start":{"line":242,"column":10},"end":{"line":248,"column":11}}],"line":242},"41":{"loc":{"start":{"line":288,"column":6},"end":{"line":292,"column":7}},"type":"if","locations":[{"start":{"line":288,"column":6},"end":{"line":292,"column":7}},{"start":{"line":288,"column":6},"end":{"line":292,"column":7}}],"line":288},"42":{"loc":{"start":{"line":300,"column":6},"end":{"line":300,"column":27}},"type":"if","locations":[{"start":{"line":300,"column":6},"end":{"line":300,"column":27}},{"start":{"line":300,"column":6},"end":{"line":300,"column":27}}],"line":300},"43":{"loc":{"start":{"line":302,"column":6},"end":{"line":317,"column":37}},"type":"if","locations":[{"start":{"line":302,"column":6},"end":{"line":317,"column":37}},{"start":{"line":302,"column":6},"end":{"line":317,"column":37}}],"line":302},"44":{"loc":{"start":{"line":302,"column":10},"end":{"line":302,"column":35}},"type":"binary-expr","locations":[{"start":{"line":302,"column":10},"end":{"line":302,"column":15}},{"start":{"line":302,"column":19},"end":{"line":302,"column":35}}],"line":302},"45":{"loc":{"start":{"line":305,"column":22},"end":{"line":307,"column":34}},"type":"cond-expr","locations":[{"start":{"line":306,"column":16},"end":{"line":306,"column":61}},{"start":{"line":307,"column":16},"end":{"line":307,"column":34}}],"line":305},"46":{"loc":{"start":{"line":337,"column":8},"end":{"line":339,"column":9}},"type":"if","locations":[{"start":{"line":337,"column":8},"end":{"line":339,"column":9}},{"start":{"line":337,"column":8},"end":{"line":339,"column":9}}],"line":337},"47":{"loc":{"start":{"line":349,"column":6},"end":{"line":349,"column":27}},"type":"if","locations":[{"start":{"line":349,"column":6},"end":{"line":349,"column":27}},{"start":{"line":349,"column":6},"end":{"line":349,"column":27}}],"line":349},"48":{"loc":{"start":{"line":351,"column":6},"end":{"line":353,"column":7}},"type":"if","locations":[{"start":{"line":351,"column":6},"end":{"line":353,"column":7}},{"start":{"line":351,"column":6},"end":{"line":353,"column":7}}],"line":351}},"s":{"0":1,"1":1,"2":1,"3":1,"4":1,"5":1,"6":1,"7":1,"8":1,"9":5,"10":5,"11":5,"12":5,"13":5,"14":3,"15":3,"16":0,"17":3,"18":1,"19":2,"20":2,"21":2,"22":2,"23":0,"24":2,"25":1,"26":1,"27":0,"28":1,"29":5,"30":5,"31":5,"32":5,"33":5,"34":3,"35":3,"36":0,"37":3,"38":3,"39":0,"40":2,"41":2,"42":2,"43":0,"44":2,"45":2,"46":0,"47":0,"48":1,"49":3,"50":3,"51":0,"52":3,"53":3,"54":3,"55":3,"56":1,"57":1,"58":1,"59":0,"60":1,"61":1,"62":0,"63":1,"64":1,"65":5,"66":5,"67":0,"68":5,"69":4,"70":4,"71":4,"72":1,"73":1,"74":3,"75":3,"76":3,"77":1,"78":3,"79":2,"80":1,"81":1,"82":5,"83":5,"84":4,"85":0,"86":4,"87":0,"88":4,"89":4,"90":0,"91":4,"92":4,"93":0,"94":1,"95":2,"96":2,"97":2,"98":0,"99":2,"100":2,"101":2,"102":2,"103":0,"104":2,"105":1,"106":1,"107":0,"108":1,"109":2,"110":2,"111":1,"112":1,"113":0,"114":1,"115":1,"116":1,"117":0,"118":0,"119":1,"120":1,"121":0,"122":1,"123":1,"124":1,"125":0,"126":1,"127":0,"128":0,"129":1,"130":2,"131":2,"132":2,"133":2,"134":2,"135":1,"136":1,"137":1,"138":3,"139":3,"140":2,"141":0,"142":2,"143":2,"144":4,"145":2,"146":0,"147":1,"148":3,"149":3,"150":3,"151":1,"152":3,"153":1,"154":3,"155":3,"156":3,"157":1,"158":3,"159":2,"160":1},"f":{"0":5,"1":5,"2":3,"3":2,"4":5,"5":5,"6":3,"7":2,"8":3,"9":3,"10":3,"11":1,"12":1,"13":1,"14":5,"15":5,"16":3,"17":3,"18":3,"19":5,"20":5,"21":4,"22":4,"23":2,"24":2,"25":2,"26":2,"27":2,"28":2,"29":1,"30":1,"31":0,"32":1,"33":0,"34":1,"35":2,"36":2,"37":2,"38":3,"39":3,"40":2,"41":4,"42":3,"43":3,"44":3,"45":3,"46":3,"47":3},"b":{"0":[5,0],"1":[5,0],"2":[5,2],"3":[3,2],"4":[0,3],"5":[1,2],"6":[2,0],"7":[0,2],"8":[1,1],"9":[5,0],"10":[5,0],"11":[5,2],"12":[3,2],"13":[0,3],"14":[3,0],"15":[2,0],"16":[0,2],"17":[2,0],"18":[0,3],"19":[0,1],"20":[0,1],"21":[0,5],"22":[4,1],"23":[1,2],"24":[2,1],"25":[0,4],"26":[0,4],"27":[4,4],"28":[0,4],"29":[4,0],"30":[0,2],"31":[2,0],"32":[2,0],"33":[0,2],"34":[1,1],"35":[1,1],"36":[0,1],"37":[1,0],"38":[0,1],"39":[1,0],"40":[1,0],"41":[1,1],"42":[0,2],"43":[2,0],"44":[2,2],"45":[2,2],"46":[1,2],"47":[1,2],"48":[2,1]},"_coverageSchema":"1a1c01bbd47fc00a2c39e90264f33305004495a9","hash":"d3ca1b6c7bff9849fd6a185d470613fa812a8d46"}
}
