TN:
SF:db/config.js
FNF:0
FNH:0
DA:1,1
DA:15,1
LF:2
LH:2
BRF:0
BRH:0
end_of_record
TN:
SF:db/mongodb.js
FN:15,(anonymous_0)
FN:20,(anonymous_1)
FN:25,(anonymous_2)
FNF:3
FNH:1
FNDA:1,(anonymous_0)
FNDA:0,(anonymous_1)
FNDA:0,(anonymous_2)
DA:1,1
DA:3,1
DA:4,1
DA:8,1
DA:11,1
DA:15,1
DA:16,1
DA:20,1
DA:21,0
DA:25,1
DA:26,0
LF:11
LH:9
BRDA:3,0,0,1
BRDA:3,0,1,0
BRF:2
BRH:1
end_of_record
TN:
SF:db/testEnv.js
FNF:0
FNH:0
DA:1,1
DA:2,1
DA:3,1
DA:5,1
DA:6,1
DA:10,1
DA:11,1
DA:13,1
LF:8
LH:8
BRF:0
BRH:0
end_of_record
TN:
SF:helpers/token.js
FN:3,(anonymous_0)
FN:17,(anonymous_1)
FN:21,(anonymous_2)
FNF:3
FNH:3
FNDA:7,(anonymous_0)
FNDA:12,(anonymous_1)
FNDA:12,(anonymous_2)
DA:1,1
DA:3,1
DA:4,7
DA:5,7
DA:6,4
DA:10,3
DA:14,7
DA:17,1
DA:18,12
DA:19,12
DA:21,12
DA:22,12
DA:23,12
DA:27,1
LF:14
LH:14
BRDA:5,0,0,4
BRDA:5,0,1,3
BRDA:19,1,0,12
BRDA:19,1,1,12
BRDA:22,2,0,0
BRDA:22,2,1,12
BRF:6
BRH:5
end_of_record
TN:
SF:helpers/winston.js
FNF:0
FNH:0
DA:1,1
DA:4,1
DA:5,1
DA:22,1
LF:4
LH:4
BRDA:4,0,0,1
BRDA:4,0,1,0
BRF:2
BRH:1
end_of_record
TN:
SF:models/user.js
FNF:0
FNH:0
DA:1,1
DA:2,1
DA:3,1
DA:6,1
DA:8,1
DA:41,1
LF:6
LH:6
BRF:0
BRH:0
end_of_record
TN:
SF:routes/users.js
FN:8,(anonymous_0)
FN:11,(anonymous_1)
FN:17,(anonymous_2)
FN:27,(anonymous_3)
FN:30,(anonymous_4)
FN:36,(anonymous_5)
FN:46,(anonymous_6)
FN:49,(anonymous_7)
FN:55,(anonymous_8)
FN:65,(anonymous_9)
FN:68,(anonymous_10)
FN:74,(anonymous_11)
FN:84,(anonymous_12)
FN:87,(anonymous_13)
FN:96,(anonymous_14)
FN:106,(anonymous_15)
FN:109,(anonymous_16)
FN:115,(anonymous_17)
FN:125,(anonymous_18)
FN:128,(anonymous_19)
FN:132,(anonymous_20)
FN:142,(anonymous_21)
FN:145,(anonymous_22)
FN:154,(anonymous_23)
FN:164,(anonymous_24)
FN:167,(anonymous_25)
FN:171,(anonymous_26)
FNF:27
FNH:25
FNDA:2,(anonymous_0)
FNDA:0,(anonymous_1)
FNDA:2,(anonymous_2)
FNDA:3,(anonymous_3)
FNDA:2,(anonymous_4)
FNDA:1,(anonymous_5)
FNDA:2,(anonymous_6)
FNDA:1,(anonymous_7)
FNDA:1,(anonymous_8)
FNDA:3,(anonymous_9)
FNDA:2,(anonymous_10)
FNDA:1,(anonymous_11)
FNDA:1,(anonymous_12)
FNDA:0,(anonymous_13)
FNDA:1,(anonymous_14)
FNDA:2,(anonymous_15)
FNDA:1,(anonymous_16)
FNDA:1,(anonymous_17)
FNDA:2,(anonymous_18)
FNDA:1,(anonymous_19)
FNDA:1,(anonymous_20)
FNDA:2,(anonymous_21)
FNDA:1,(anonymous_22)
FNDA:1,(anonymous_23)
FNDA:2,(anonymous_24)
FNDA:1,(anonymous_25)
FNDA:1,(anonymous_26)
DA:1,1
DA:2,1
DA:3,1
DA:4,1
DA:5,1
DA:6,1
DA:8,1
DA:9,2
DA:12,0
DA:13,0
DA:18,2
DA:23,2
DA:27,1
DA:28,3
DA:31,2
DA:32,2
DA:37,1
DA:42,1
DA:46,1
DA:47,2
DA:50,1
DA:51,1
DA:56,1
DA:61,1
DA:65,1
DA:66,3
DA:69,2
DA:70,2
DA:75,1
DA:80,1
DA:84,1
DA:85,1
DA:88,0
DA:89,0
DA:97,1
DA:102,1
DA:106,1
DA:107,2
DA:110,1
DA:111,1
DA:116,1
DA:121,1
DA:125,1
DA:126,2
DA:129,1
DA:130,1
DA:133,1
DA:138,1
DA:142,1
DA:143,2
DA:146,1
DA:147,1
DA:155,1
DA:160,1
DA:164,1
DA:165,2
DA:168,1
DA:169,1
DA:172,1
DA:177,1
DA:181,1
LF:61
LH:57
BRDA:19,0,0,2
BRDA:19,0,1,2
BRDA:38,1,0,1
BRDA:38,1,1,1
BRDA:57,2,0,1
BRDA:57,2,1,1
BRDA:76,3,0,1
BRDA:76,3,1,1
BRDA:98,4,0,1
BRDA:98,4,1,1
BRDA:117,5,0,1
BRDA:117,5,1,1
BRDA:134,6,0,1
BRDA:134,6,1,1
BRDA:156,7,0,1
BRDA:156,7,1,1
BRDA:173,8,0,1
BRDA:173,8,1,1
BRF:18
BRH:18
end_of_record
TN:
SF:services/dataservice.js
FN:1,(anonymous_0)
FN:9,(anonymous_1)
FNF:2
FNH:2
FNDA:9,(anonymous_0)
FNDA:10,(anonymous_1)
DA:1,1
DA:2,9
DA:9,1
DA:17,1
LF:4
LH:4
BRF:0
BRH:0
end_of_record
TN:
SF:services/userservice.js
FN:12,(anonymous_0)
FN:13,(anonymous_1)
FN:19,(anonymous_2)
FN:31,(anonymous_3)
FN:49,(anonymous_4)
FN:50,(anonymous_5)
FN:56,(anonymous_6)
FN:68,(anonymous_7)
FN:86,(anonymous_8)
FN:87,(anonymous_9)
FN:91,(anonymous_10)
FN:98,(anonymous_11)
FN:104,(anonymous_12)
FN:110,(anonymous_13)
FN:119,(anonymous_14)
FN:120,(anonymous_15)
FN:134,(anonymous_16)
FN:135,(anonymous_17)
FN:136,(anonymous_18)
FN:149,(anonymous_19)
FN:150,(anonymous_20)
FN:156,(anonymous_21)
FN:168,(anonymous_22)
FN:185,(anonymous_23)
FN:186,(anonymous_24)
FN:187,(anonymous_25)
FN:195,(anonymous_26)
FN:218,(anonymous_27)
FN:219,(anonymous_28)
FN:221,(anonymous_29)
FN:225,(anonymous_30)
FN:228,(anonymous_31)
FN:238,(anonymous_32)
FN:244,(anonymous_33)
FN:245,(anonymous_34)
FN:259,(anonymous_35)
FN:260,(anonymous_36)
FN:287,(anonymous_37)
FN:297,(anonymous_38)
FN:298,(anonymous_39)
FN:299,(anonymous_40)
FN:303,(anonymous_41)
FN:322,(anonymous_42)
FN:323,(anonymous_43)
FN:336,(anonymous_44)
FN:346,(anonymous_45)
FN:347,(anonymous_46)
FN:348,(anonymous_47)
FNF:48
FNH:46
FNDA:5,(anonymous_0)
FNDA:5,(anonymous_1)
FNDA:3,(anonymous_2)
FNDA:2,(anonymous_3)
FNDA:5,(anonymous_4)
FNDA:5,(anonymous_5)
FNDA:3,(anonymous_6)
FNDA:2,(anonymous_7)
FNDA:3,(anonymous_8)
FNDA:3,(anonymous_9)
FNDA:3,(anonymous_10)
FNDA:1,(anonymous_11)
FNDA:1,(anonymous_12)
FNDA:1,(anonymous_13)
FNDA:5,(anonymous_14)
FNDA:5,(anonymous_15)
FNDA:3,(anonymous_16)
FNDA:3,(anonymous_17)
FNDA:3,(anonymous_18)
FNDA:5,(anonymous_19)
FNDA:5,(anonymous_20)
FNDA:4,(anonymous_21)
FNDA:4,(anonymous_22)
FNDA:2,(anonymous_23)
FNDA:2,(anonymous_24)
FNDA:2,(anonymous_25)
FNDA:2,(anonymous_26)
FNDA:2,(anonymous_27)
FNDA:2,(anonymous_28)
FNDA:1,(anonymous_29)
FNDA:1,(anonymous_30)
FNDA:0,(anonymous_31)
FNDA:1,(anonymous_32)
FNDA:0,(anonymous_33)
FNDA:1,(anonymous_34)
FNDA:2,(anonymous_35)
FNDA:2,(anonymous_36)
FNDA:2,(anonymous_37)
FNDA:3,(anonymous_38)
FNDA:3,(anonymous_39)
FNDA:2,(anonymous_40)
FNDA:4,(anonymous_41)
FNDA:3,(anonymous_42)
FNDA:3,(anonymous_43)
FNDA:3,(anonymous_44)
FNDA:3,(anonymous_45)
FNDA:3,(anonymous_46)
FNDA:3,(anonymous_47)
DA:1,1
DA:2,1
DA:3,1
DA:5,1
DA:6,1
DA:7,1
DA:8,1
DA:10,1
DA:12,1
DA:13,5
DA:14,5
DA:15,5
DA:17,5
DA:18,5
DA:19,3
DA:20,3
DA:22,3
DA:23,1
DA:25,2
DA:28,2
DA:29,2
DA:32,2
DA:34,2
DA:35,1
DA:37,1
DA:43,0
DA:49,1
DA:50,5
DA:51,5
DA:52,5
DA:54,5
DA:55,5
DA:56,3
DA:57,3
DA:59,3
DA:60,3
DA:62,0
DA:65,2
DA:66,2
DA:69,2
DA:71,2
DA:72,2
DA:74,0
DA:80,0
DA:86,1
DA:87,3
DA:88,3
DA:90,3
DA:91,3
DA:92,3
DA:93,3
DA:98,1
DA:104,1
DA:105,1
DA:107,1
DA:111,1
DA:113,1
DA:119,1
DA:120,5
DA:121,5
DA:122,0
DA:124,5
DA:125,4
DA:126,4
DA:127,4
DA:129,1
DA:134,1
DA:135,3
DA:136,3
DA:137,3
DA:138,1
DA:140,3
DA:141,2
DA:143,1
DA:149,1
DA:150,5
DA:151,5
DA:157,4
DA:158,0
DA:161,4
DA:162,0
DA:164,4
DA:169,4
DA:170,0
DA:172,4
DA:173,4
DA:175,0
DA:185,1
DA:186,2
DA:187,2
DA:188,2
DA:190,2
DA:191,2
DA:192,2
DA:196,2
DA:198,2
DA:199,1
DA:206,1
DA:211,0
DA:218,1
DA:219,2
DA:220,2
DA:221,1
DA:222,1
DA:223,1
DA:224,1
DA:226,1
DA:229,0
DA:232,0
DA:238,1
DA:239,1
DA:241,1
DA:242,1
DA:243,1
DA:244,0
DA:245,1
DA:247,0
DA:250,0
DA:259,1
DA:260,2
DA:261,2
DA:271,2
DA:287,2
DA:288,2
DA:289,1
DA:291,1
DA:297,1
DA:298,3
DA:299,3
DA:300,2
DA:302,2
DA:303,2
DA:304,4
DA:316,2
DA:317,0
DA:322,1
DA:323,3
DA:324,3
DA:337,3
DA:338,1
DA:340,3
DA:346,1
DA:347,3
DA:348,3
DA:349,3
DA:351,3
DA:352,2
DA:358,1
LF:148
LH:132
BRDA:14,0,0,5
BRDA:14,0,1,0
BRDA:17,1,0,5
BRDA:17,1,1,0
BRDA:17,2,0,5
BRDA:17,2,1,2
BRDA:18,3,0,3
BRDA:18,3,1,2
BRDA:20,4,0,0
BRDA:20,4,1,3
BRDA:22,5,0,1
BRDA:22,5,1,2
BRDA:28,6,0,2
BRDA:28,6,1,0
BRDA:32,7,0,0
BRDA:32,7,1,2
BRDA:34,8,0,1
BRDA:34,8,1,1
BRDA:51,9,0,5
BRDA:51,9,1,0
BRDA:54,10,0,5
BRDA:54,10,1,0
BRDA:54,11,0,5
BRDA:54,11,1,2
BRDA:55,12,0,3
BRDA:55,12,1,2
BRDA:57,13,0,0
BRDA:57,13,1,3
BRDA:59,14,0,3
BRDA:59,14,1,0
BRDA:65,15,0,2
BRDA:65,15,1,0
BRDA:69,16,0,0
BRDA:69,16,1,2
BRDA:71,17,0,2
BRDA:71,17,1,0
BRDA:88,18,0,0
BRDA:88,18,1,3
BRDA:105,19,0,0
BRDA:105,19,1,1
BRDA:111,20,0,0
BRDA:111,20,1,1
BRDA:121,21,0,0
BRDA:121,21,1,5
BRDA:124,22,0,4
BRDA:124,22,1,1
BRDA:137,23,0,1
BRDA:137,23,1,2
BRDA:140,24,0,2
BRDA:140,24,1,1
BRDA:157,25,0,0
BRDA:157,25,1,4
BRDA:161,26,0,0
BRDA:161,26,1,4
BRDA:161,27,0,4
BRDA:161,27,1,4
BRDA:169,28,0,0
BRDA:169,28,1,4
BRDA:172,29,0,4
BRDA:172,29,1,0
BRDA:188,30,0,0
BRDA:188,30,1,2
BRDA:190,31,0,2
BRDA:190,31,1,0
BRDA:191,32,0,2
BRDA:191,32,1,0
BRDA:196,33,0,0
BRDA:196,33,1,2
BRDA:198,34,0,1
BRDA:198,34,1,1
BRDA:220,35,0,1
BRDA:220,35,1,1
BRDA:222,36,0,0
BRDA:222,36,1,1
BRDA:223,37,0,1
BRDA:223,37,1,0
BRDA:239,38,0,0
BRDA:239,38,1,1
BRDA:241,39,0,1
BRDA:241,39,1,0
BRDA:242,40,0,1
BRDA:242,40,1,0
BRDA:288,41,0,1
BRDA:288,41,1,1
BRDA:300,42,0,0
BRDA:300,42,1,2
BRDA:302,43,0,2
BRDA:302,43,1,0
BRDA:302,44,0,2
BRDA:302,44,1,2
BRDA:305,45,0,2
BRDA:305,45,1,2
BRDA:337,46,0,1
BRDA:337,46,1,2
BRDA:349,47,0,1
BRDA:349,47,1,2
BRDA:351,48,0,2
BRDA:351,48,1,1
BRF:98
BRH:67
end_of_record
